<?xml version="1.0" encoding="UTF-8"?>
<coverage generated="1556913527746" clover="3.2.0">
  <project timestamp="1556913527746" name="All files">
    <metrics statements="9" coveredstatements="9" conditionals="0" coveredconditionals="0" methods="6" coveredmethods="6" elements="15" coveredelements="15" complexity="0" loc="9" ncloc="9" packages="1" files="1" classes="1"/>
    <file name="juros.js" path="/mnt/c/Users/Walber/Documents/Cursos/Full Stack Master/modulos_e_testes/juros.js">
      <metrics statements="9" coveredstatements="9" conditionals="0" coveredconditionals="0" methods="6" coveredmethods="6"/>
      <line num="1" count="1" type="stmt"/>
      <line num="2" count="1" type="stmt"/>
      <line num="5" count="2" type="stmt"/>
      <line num="6" count="1" type="stmt"/>
      <line num="9" count="1" type="stmt"/>
      <line num="10" count="1" type="stmt"/>
      <line num="13" count="2" type="stmt"/>
      <line num="14" count="1" type="stmt"/>
      <line num="17" count="1" type="stmt"/>
    </file>
  </project>
</coverage>
